{
  "RSpec": {
    "coverage": {
      "/home/rick/web/bank-tech-test/spec/account_spec.rb": [
        1,
        1,
        1,
        null,
        1,
        null,
        7,
        7,
        null,
        5,
        null,
        2,
        2,
        null,
        null,
        1,
        1,
        2,
        null,
        2,
        1,
        2,
        null,
        null,
        null,
        1,
        null,
        1,
        10,
        null,
        6,
        null,
        1,
        1,
        1,
        null,
        null,
        null,
        1,
        2,
        1,
        4,
        null,
        1,
        2,
        2,
        null,
        1,
        3,
        1,
        1,
        null,
        1,
        1,
        3,
        4,
        null,
        null,
        1,
        1,
        3,
        1,
        3,
        4,
        null,
        null,
        null,
        null,
        null,
        null,
        null,
        null
      ],
      "/home/rick/web/bank-tech-test/lib/account.rb": [
        1,
        null,
        1,
        null,
        1,
        1,
        null,
        1,
        6,
        6,
        null,
        null,
        1,
        5,
        5,
        4,
        4,
        null,
        null,
        1,
        null,
        null,
        1,
        null,
        1,
        4,
        null,
        null,
        1,
        4,
        null,
        null,
        null
      ],
      "/home/rick/web/bank-tech-test/lib/transaction_log.rb": [
        1,
        1,
        null,
        1,
        3,
        null,
        null,
        1,
        1,
        null,
        null,
        1,
        null,
        1,
        null,
        null
      ],
      "/home/rick/web/bank-tech-test/lib/transaction.rb": [
        1,
        null,
        1,
        null,
        1,
        null,
        1,
        13,
        7,
        7,
        null,
        null,
        1,
        null,
        1,
        13,
        13,
        10,
        10,
        9,
        9,
        null,
        null,
        1,
        5,
        null,
        null
      ],
      "/home/rick/web/bank-tech-test/spec/statement_printer_spec.rb": [
        1,
        1,
        1,
        1,
        1,
        null,
        1,
        null,
        2,
        2,
        2,
        2,
        2,
        2,
        null,
        2,
        null,
        1,
        null,
        null,
        null,
        1,
        null,
        null,
        1,
        1,
        1,
        1,
        2,
        2,
        2,
        null,
        null,
        null,
        1,
        1,
        2,
        null,
        null,
        null,
        null
      ],
      "/home/rick/web/bank-tech-test/lib/statement_printer.rb": [
        1,
        null,
        1,
        1,
        1,
        1,
        null,
        null,
        1,
        null,
        1,
        null,
        1,
        1,
        null,
        3,
        3,
        3,
        3,
        3,
        1,
        null,
        null,
        1,
        1,
        null,
        null,
        1,
        1,
        1,
        3,
        null,
        1,
        null,
        null
      ],
      "/home/rick/web/bank-tech-test/spec/transaction_log_spec.rb": [
        1,
        1,
        null,
        1,
        null,
        2,
        4,
        null,
        1,
        1,
        1,
        null,
        1,
        1,
        null,
        null,
        null,
        1,
        1,
        4,
        null,
        null,
        null,
        null
      ],
      "/home/rick/web/bank-tech-test/spec/transaction_spec.rb": [
        1,
        null,
        1,
        null,
        5,
        null,
        4,
        null,
        1,
        8,
        1,
        2,
        2,
        2,
        1,
        2,
        null,
        1,
        2,
        null,
        1,
        2,
        null,
        1,
        2,
        2,
        null,
        1,
        2,
        null,
        1,
        2,
        null,
        1,
        2,
        2,
        2,
        null,
        null,
        null,
        null,
        null,
        1,
        1,
        1,
        null,
        null,
        null,
        1,
        1,
        1,
        null,
        1,
        1,
        1,
        null,
        null,
        null,
        null
      ]
    },
    "timestamp": 1488898978
  }
}
